<?xml version="1.0" encoding="UTF-8"?>
<!-- Generated by org.testng.reporters.JUnitReportReporter -->
<testsuite hostname="eranda" name="org.wso2.carbon.registry.core.test.jdbc.PropertiesTest" tests="8" failures="0" timestamp="11 Mar 2014 06:11:42 GMT" time="0.198" errors="0">
  <testcase name="testNullValuedProperties" time="0.013" classname="org.wso2.carbon.registry.core.test.jdbc.PropertiesTest"/>
  <testcase name="testEditingMultivaluedProperties" time="0.060" classname="org.wso2.carbon.registry.core.test.jdbc.PropertiesTest"/>
  <testcase name="testNullMultiValuedProperties" time="0.015" classname="org.wso2.carbon.registry.core.test.jdbc.PropertiesTest"/>
  <testcase name="testRemovingMultivaluedProperties" time="0.033" classname="org.wso2.carbon.registry.core.test.jdbc.PropertiesTest"/>
  <testcase name="testSingleValuedProperties" time="0.012" classname="org.wso2.carbon.registry.core.test.jdbc.PropertiesTest"/>
  <testcase name="testRemovingProperties" time="0.036" classname="org.wso2.carbon.registry.core.test.jdbc.PropertiesTest"/>
  <testcase name="testRootLevelProperties" time="0.013" classname="org.wso2.carbon.registry.core.test.jdbc.PropertiesTest"/>
  <testcase name="testMultiValuedProperties" time="0.016" classname="org.wso2.carbon.registry.core.test.jdbc.PropertiesTest"/>
</testsuite>
