<?xml version="1.0" encoding="UTF-8"?>
<!-- Generated by org.testng.reporters.JUnitReportReporter -->
<testsuite hostname="eranda" name="org.wso2.carbon.registry.core.test.multitenant.MultiTenantTest" tests="1" failures="0" timestamp="11 Mar 2014 06:11:53 GMT" time="0.081" errors="0">
  <testcase name="testVirtualRoots" time="0.081" classname="org.wso2.carbon.registry.core.test.multitenant.MultiTenantTest"/>
</testsuite>
