<?xml version="1.0" encoding="UTF-8"?>
<!-- Generated by org.testng.reporters.JUnitReportReporter -->
<testsuite hostname="eranda" name="org.wso2.carbon.registry.core.test.jdbc.PathsTest" tests="3" failures="0" timestamp="11 Mar 2014 06:10:58 GMT" time="0.118" errors="0">
  <testcase name="testGetOnPaths" time="0.033" classname="org.wso2.carbon.registry.core.test.jdbc.PathsTest"/>
  <testcase name="testColon" time="0.047" classname="org.wso2.carbon.registry.core.test.jdbc.PathsTest"/>
  <testcase name="testPutOnPaths" time="0.038" classname="org.wso2.carbon.registry.core.test.jdbc.PathsTest"/>
</testsuite>
