<?xml version="1.0" encoding="UTF-8"?>
<!-- Generated by org.testng.reporters.JUnitReportReporter -->
<testsuite hostname="eranda" name="org.wso2.carbon.registry.core.test.jdbc.MoveTest" tests="7" failures="0" timestamp="11 Mar 2014 06:10:39 GMT" time="0.204" errors="0">
  <testcase name="testGeneralCacheCollectionMove" time="0.019" classname="org.wso2.carbon.registry.core.test.jdbc.MoveTest"/>
  <testcase name="testResourceMoveFromRoot" time="0.025" classname="org.wso2.carbon.registry.core.test.jdbc.MoveTest"/>
  <testcase name="testGeneralCollectionMove" time="0.043" classname="org.wso2.carbon.registry.core.test.jdbc.MoveTest"/>
  <testcase name="testGeneralResourceMove" time="0.030" classname="org.wso2.carbon.registry.core.test.jdbc.MoveTest"/>
  <testcase name="testCollectionMoveWithChild" time="0.055" classname="org.wso2.carbon.registry.core.test.jdbc.MoveTest"/>
  <testcase name="testResourceMoveToRoot" time="0.019" classname="org.wso2.carbon.registry.core.test.jdbc.MoveTest"/>
  <testcase name="testGeneralCacheResourceMove" time="0.013" classname="org.wso2.carbon.registry.core.test.jdbc.MoveTest"/>
</testsuite>
