<?xml version="1.0" encoding="UTF-8"?>
<!-- Generated by org.testng.reporters.JUnitReportReporter -->
<testsuite hostname="eranda" name="org.wso2.carbon.registry.core.test.jdbc.HandlerTest" tests="2" failures="0" timestamp="11 Mar 2014 06:10:47 GMT" time="0.044" errors="0">
  <testcase name="testRollbackHandlerExecution" time="0.008" classname="org.wso2.carbon.registry.core.test.jdbc.HandlerTest"/>
  <testcase name="testCommitHandlerExecution" time="0.036" classname="org.wso2.carbon.registry.core.test.jdbc.HandlerTest"/>
</testsuite>
