<?xml version="1.0" encoding="UTF-8"?>
<!-- Generated by org.testng.reporters.JUnitReportReporter -->
<testsuite hostname="eranda" name="org.wso2.carbon.registry.core.test.jdbc.ResourceImportExportTest" tests="19" failures="0" timestamp="11 Mar 2014 05:28:43 GMT" time="1.550" errors="0">
  <testcase name="testImportResourceFromFile" time="0.032" classname="org.wso2.carbon.registry.core.test.jdbc.ResourceImportExportTest"/>
  <testcase name="testCollectionVersioning" time="0.086" classname="org.wso2.carbon.registry.core.test.jdbc.ResourceImportExportTest"/>
  <testcase name="testLogs" time="0.005" classname="org.wso2.carbon.registry.core.test.jdbc.ResourceImportExportTest"/>
  <testcase name="testResourceVersioning" time="0.068" classname="org.wso2.carbon.registry.core.test.jdbc.ResourceImportExportTest"/>
  <testcase name="testPutOnSamePath" time="0.017" classname="org.wso2.carbon.registry.core.test.jdbc.ResourceImportExportTest"/>
  <testcase name="testIllegalCharacters" time="0.083" classname="org.wso2.carbon.registry.core.test.jdbc.ResourceImportExportTest"/>
  <testcase name="testGetMetaData" time="0.009" classname="org.wso2.carbon.registry.core.test.jdbc.ResourceImportExportTest"/>
  <testcase name="testMediaTypesInCaps" time="0.300" classname="org.wso2.carbon.registry.core.test.jdbc.ResourceImportExportTest"/>
  <testcase name="testUserDefinedResourceQuery" time="0.050" classname="org.wso2.carbon.registry.core.test.jdbc.ResourceImportExportTest"/>
  <testcase name="testResourceCollectionMix" time="0.035" classname="org.wso2.carbon.registry.core.test.jdbc.ResourceImportExportTest"/>
  <testcase name="testCollectionDetails" time="0.056" classname="org.wso2.carbon.registry.core.test.jdbc.ResourceImportExportTest"/>
  <testcase name="testCombinedScenario" time="0.109" classname="org.wso2.carbon.registry.core.test.jdbc.ResourceImportExportTest"/>
  <testcase name="testLastUpdateWithPut" time="0.018" classname="org.wso2.carbon.registry.core.test.jdbc.ResourceImportExportTest"/>
  <testcase name="testExportResourceToFile" time="0.029" classname="org.wso2.carbon.registry.core.test.jdbc.ResourceImportExportTest"/>
  <testcase name="testFlatResourceHandling" time="0.023" classname="org.wso2.carbon.registry.core.test.jdbc.ResourceImportExportTest"/>
  <testcase name="testValueChange" time="0.022" classname="org.wso2.carbon.registry.core.test.jdbc.ResourceImportExportTest"/>
  <testcase name="testLastUpdateWithGet" time="0.531" classname="org.wso2.carbon.registry.core.test.jdbc.ResourceImportExportTest"/>
  <testcase name="testHierarchicalResourceHandling" time="0.029" classname="org.wso2.carbon.registry.core.test.jdbc.ResourceImportExportTest"/>
  <testcase name="testResourceDelete" time="0.048" classname="org.wso2.carbon.registry.core.test.jdbc.ResourceImportExportTest"/>
</testsuite>
