<?xml version="1.0" encoding="UTF-8"?>
<!-- Generated by org.testng.reporters.JUnitReportReporter -->
<testsuite hostname="eranda" name="org.wso2.carbon.registry.core.test.jdbc.QueryTest" tests="4" failures="0" timestamp="11 Mar 2014 06:11:50 GMT" time="0.325" errors="0">
  <testcase name="testWithoutWhereQuery" time="0.077" classname="org.wso2.carbon.registry.core.test.jdbc.QueryTest"/>
  <testcase name="testWithoutTableParamsQuery" time="0.057" classname="org.wso2.carbon.registry.core.test.jdbc.QueryTest"/>
  <testcase name="testDefaultQuery" time="0.118" classname="org.wso2.carbon.registry.core.test.jdbc.QueryTest"/>
  <testcase name="testWithSpecialCharactersQuery" time="0.073" classname="org.wso2.carbon.registry.core.test.jdbc.QueryTest"/>
</testsuite>
