<?xml version="1.0" encoding="UTF-8"?>
<!-- Generated by org.testng.reporters.JUnitReportReporter -->
<testsuite hostname="eranda" name="org.wso2.carbon.registry.core.test.jdbc.ChrootJDBCTest" tests="18" failures="0" timestamp="11 Mar 2014 06:10:54 GMT" time="1.527" errors="0">
  <testcase name="testLastUpdateWithPut" time="0.033" classname="org.wso2.carbon.registry.core.test.jdbc.ChrootJDBCTest"/>
  <testcase name="testValueChange" time="0.018" classname="org.wso2.carbon.registry.core.test.jdbc.ChrootJDBCTest"/>
  <testcase name="testIllegalCharacters" time="0.044" classname="org.wso2.carbon.registry.core.test.jdbc.ChrootJDBCTest"/>
  <testcase name="testCollectionVersioning" time="0.084" classname="org.wso2.carbon.registry.core.test.jdbc.ChrootJDBCTest"/>
  <testcase name="testUserDefinedResourceQuery" time="0.043" classname="org.wso2.carbon.registry.core.test.jdbc.ChrootJDBCTest"/>
  <testcase name="testGetMetaData" time="0.015" classname="org.wso2.carbon.registry.core.test.jdbc.ChrootJDBCTest"/>
  <testcase name="testResourceCollectionMix" time="0.044" classname="org.wso2.carbon.registry.core.test.jdbc.ChrootJDBCTest"/>
  <testcase name="testCollectionDetails" time="0.034" classname="org.wso2.carbon.registry.core.test.jdbc.ChrootJDBCTest"/>
  <testcase name="testResourceVersioning" time="0.061" classname="org.wso2.carbon.registry.core.test.jdbc.ChrootJDBCTest"/>
  <testcase name="testLastUpdateWithGet" time="0.518" classname="org.wso2.carbon.registry.core.test.jdbc.ChrootJDBCTest"/>
  <testcase name="testPrefixManagement" time="0.096" classname="org.wso2.carbon.registry.core.test.jdbc.ChrootJDBCTest"/>
  <testcase name="testHierarchicalResourceHandling" time="0.037" classname="org.wso2.carbon.registry.core.test.jdbc.ChrootJDBCTest"/>
  <testcase name="testLogs" time="0.008" classname="org.wso2.carbon.registry.core.test.jdbc.ChrootJDBCTest"/>
  <testcase name="testCombinedScenario" time="0.095" classname="org.wso2.carbon.registry.core.test.jdbc.ChrootJDBCTest"/>
  <testcase name="testFlatResourceHandling" time="0.037" classname="org.wso2.carbon.registry.core.test.jdbc.ChrootJDBCTest"/>
  <testcase name="testMediaTypesInCaps" time="0.292" classname="org.wso2.carbon.registry.core.test.jdbc.ChrootJDBCTest"/>
  <testcase name="testPutOnSamePath" time="0.018" classname="org.wso2.carbon.registry.core.test.jdbc.ChrootJDBCTest"/>
  <testcase name="testResourceDelete" time="0.050" classname="org.wso2.carbon.registry.core.test.jdbc.ChrootJDBCTest"/>
</testsuite>
