<?xml version="1.0" encoding="UTF-8"?>
<!-- Generated by org.testng.reporters.JUnitReportReporter -->
<testsuite hostname="eranda" name="org.wso2.carbon.registry.core.test.jdbc.CopyTest" tests="2" failures="0" timestamp="11 Mar 2014 05:29:11 GMT" time="0.131" errors="0">
  <testcase name="testResourceCopy" time="0.041" classname="org.wso2.carbon.registry.core.test.jdbc.CopyTest"/>
  <testcase name="testCollectionCopy" time="0.090" classname="org.wso2.carbon.registry.core.test.jdbc.CopyTest"/>
</testsuite>
