<?xml version="1.0" encoding="UTF-8"?>
<!-- Generated by org.testng.reporters.JUnitReportReporter -->
<testsuite hostname="eranda" name="org.wso2.carbon.registry.core.test.jdbc.PropertiesTest" tests="8" failures="0" timestamp="11 Mar 2014 05:29:42 GMT" time="0.238" errors="0">
  <testcase name="testRootLevelProperties" time="0.016" classname="org.wso2.carbon.registry.core.test.jdbc.PropertiesTest"/>
  <testcase name="testRemovingProperties" time="0.039" classname="org.wso2.carbon.registry.core.test.jdbc.PropertiesTest"/>
  <testcase name="testSingleValuedProperties" time="0.012" classname="org.wso2.carbon.registry.core.test.jdbc.PropertiesTest"/>
  <testcase name="testNullValuedProperties" time="0.025" classname="org.wso2.carbon.registry.core.test.jdbc.PropertiesTest"/>
  <testcase name="testEditingMultivaluedProperties" time="0.057" classname="org.wso2.carbon.registry.core.test.jdbc.PropertiesTest"/>
  <testcase name="testNullMultiValuedProperties" time="0.019" classname="org.wso2.carbon.registry.core.test.jdbc.PropertiesTest"/>
  <testcase name="testRemovingMultivaluedProperties" time="0.050" classname="org.wso2.carbon.registry.core.test.jdbc.PropertiesTest"/>
  <testcase name="testMultiValuedProperties" time="0.020" classname="org.wso2.carbon.registry.core.test.jdbc.PropertiesTest"/>
</testsuite>
