<?xml version="1.0" encoding="UTF-8"?>
<!-- Generated by org.testng.reporters.JUnitReportReporter -->
<testsuite hostname="eranda" name="org.wso2.carbon.registry.core.test.jdbc.CustomQueryTest" tests="1" failures="0" timestamp="11 Mar 2014 06:11:39 GMT" time="0.106" errors="0">
  <testcase name="testCustomQueryResultsOrderForResources" time="0.106" classname="org.wso2.carbon.registry.core.test.jdbc.CustomQueryTest"/>
</testsuite>
