<?xml version="1.0" encoding="UTF-8"?>
<!-- Generated by org.testng.reporters.JUnitReportReporter -->
<testsuite hostname="eranda" name="org.wso2.carbon.registry.core.test.jdbc.ResourcesTest" tests="1" failures="0" timestamp="11 Mar 2014 05:29:04 GMT" time="0.056" errors="0">
  <testcase name="testResourceUpdate" time="0.056" classname="org.wso2.carbon.registry.core.test.jdbc.ResourcesTest"/>
</testsuite>
