<?xml version="1.0" encoding="UTF-8"?>
<!-- Generated by org.testng.reporters.JUnitReportReporter -->
<testsuite hostname="eranda" name="org.wso2.carbon.registry.core.test.jdbc.VersionHandlingTest" tests="10" failures="0" timestamp="11 Mar 2014 05:26:23 GMT" time="1.101" errors="0">
  <testcase name="testRootLevelVersioning" time="0.330" classname="org.wso2.carbon.registry.core.test.jdbc.VersionHandlingTest"/>
  <testcase name="testAdvancedCollectionRestore" time="0.264" classname="org.wso2.carbon.registry.core.test.jdbc.VersionHandlingTest"/>
  <testcase name="testCreateVersions" time="0.039" classname="org.wso2.carbon.registry.core.test.jdbc.VersionHandlingTest"/>
  <testcase name="testSimpleCollectionRestore" time="0.115" classname="org.wso2.carbon.registry.core.test.jdbc.VersionHandlingTest"/>
  <testcase name="testResourcePropertyVersioning" time="0.044" classname="org.wso2.carbon.registry.core.test.jdbc.VersionHandlingTest"/>
  <testcase name="testPermalinksForResources" time="0.055" classname="org.wso2.carbon.registry.core.test.jdbc.VersionHandlingTest"/>
  <testcase name="testResourceContentVersioning" time="0.037" classname="org.wso2.carbon.registry.core.test.jdbc.VersionHandlingTest"/>
  <testcase name="testPermalinksForCollections" time="0.081" classname="org.wso2.carbon.registry.core.test.jdbc.VersionHandlingTest"/>
  <testcase name="testResourceRestore" time="0.045" classname="org.wso2.carbon.registry.core.test.jdbc.VersionHandlingTest"/>
  <testcase name="testSimpleCollectionVersioning" time="0.091" classname="org.wso2.carbon.registry.core.test.jdbc.VersionHandlingTest"/>
</testsuite>
