<?xml version="1.0" encoding="UTF-8"?>
<!-- Generated by org.testng.reporters.JUnitReportReporter -->
<testsuite hostname="eranda" name="org.wso2.carbon.registry.core.test.jdbc.PathsTest" tests="3" failures="0" timestamp="11 Mar 2014 05:26:19 GMT" time="0.133" errors="0">
  <testcase name="testPutOnPaths" time="0.043" classname="org.wso2.carbon.registry.core.test.jdbc.PathsTest"/>
  <testcase name="testColon" time="0.054" classname="org.wso2.carbon.registry.core.test.jdbc.PathsTest"/>
  <testcase name="testGetOnPaths" time="0.036" classname="org.wso2.carbon.registry.core.test.jdbc.PathsTest"/>
</testsuite>
