<?xml version="1.0" encoding="UTF-8"?>
<!-- Generated by org.testng.reporters.JUnitReportReporter -->
<testsuite hostname="eranda" name="org.wso2.carbon.registry.core.test.jdbc.JDBCRegistryTest" tests="17" failures="0" timestamp="11 Mar 2014 05:27:08 GMT" time="1.420" errors="0">
  <testcase name="testHierarchicalResourceHandling" time="0.041" classname="org.wso2.carbon.registry.core.test.jdbc.JDBCRegistryTest"/>
  <testcase name="testCollectionVersioning" time="0.084" classname="org.wso2.carbon.registry.core.test.jdbc.JDBCRegistryTest"/>
  <testcase name="testIllegalCharacters" time="0.042" classname="org.wso2.carbon.registry.core.test.jdbc.JDBCRegistryTest"/>
  <testcase name="testLogs" time="0.005" classname="org.wso2.carbon.registry.core.test.jdbc.JDBCRegistryTest"/>
  <testcase name="testValueChange" time="0.023" classname="org.wso2.carbon.registry.core.test.jdbc.JDBCRegistryTest"/>
  <testcase name="testResourceDelete" time="0.049" classname="org.wso2.carbon.registry.core.test.jdbc.JDBCRegistryTest"/>
  <testcase name="testMediaTypesInCaps" time="0.292" classname="org.wso2.carbon.registry.core.test.jdbc.JDBCRegistryTest"/>
  <testcase name="testCombinedScenario" time="0.088" classname="org.wso2.carbon.registry.core.test.jdbc.JDBCRegistryTest"/>
  <testcase name="testPutOnSamePath" time="0.019" classname="org.wso2.carbon.registry.core.test.jdbc.JDBCRegistryTest"/>
  <testcase name="testLastUpdateWithPut" time="0.016" classname="org.wso2.carbon.registry.core.test.jdbc.JDBCRegistryTest"/>
  <testcase name="testLastUpdateWithGet" time="0.517" classname="org.wso2.carbon.registry.core.test.jdbc.JDBCRegistryTest"/>
  <testcase name="testCollectionDetails" time="0.048" classname="org.wso2.carbon.registry.core.test.jdbc.JDBCRegistryTest"/>
  <testcase name="testResourceVersioning" time="0.071" classname="org.wso2.carbon.registry.core.test.jdbc.JDBCRegistryTest"/>
  <testcase name="testUserDefinedResourceQuery" time="0.052" classname="org.wso2.carbon.registry.core.test.jdbc.JDBCRegistryTest"/>
  <testcase name="testFlatResourceHandling" time="0.023" classname="org.wso2.carbon.registry.core.test.jdbc.JDBCRegistryTest"/>
  <testcase name="testGetMetaData" time="0.010" classname="org.wso2.carbon.registry.core.test.jdbc.JDBCRegistryTest"/>
  <testcase name="testResourceCollectionMix" time="0.040" classname="org.wso2.carbon.registry.core.test.jdbc.JDBCRegistryTest"/>
</testsuite>
