<?xml version="1.0" encoding="UTF-8"?>
<!-- Generated by org.testng.reporters.JUnitReportReporter -->
<testsuite hostname="eranda" name="org.wso2.carbon.registry.core.test.jdbc.CopyTest" tests="2" failures="0" timestamp="11 Mar 2014 06:08:36 GMT" time="0.111" errors="0">
  <testcase name="testResourceCopy" time="0.036" classname="org.wso2.carbon.registry.core.test.jdbc.CopyTest"/>
  <testcase name="testCollectionCopy" time="0.075" classname="org.wso2.carbon.registry.core.test.jdbc.CopyTest"/>
</testsuite>
