<?xml version="1.0" encoding="UTF-8"?>
<!-- Generated by org.testng.reporters.JUnitReportReporter -->
<testsuite hostname="eranda" name="org.wso2.carbon.registry.core.test.jdbc.DumpTest" tests="10" failures="0" timestamp="11 Mar 2014 05:26:52 GMT" time="1.521" errors="0">
  <testcase name="testRelativeAssociationPath" time="0.001" classname="org.wso2.carbon.registry.core.test.jdbc.DumpTest"/>
  <testcase name="testResourceDump" time="0.023" classname="org.wso2.carbon.registry.core.test.jdbc.DumpTest"/>
  <testcase name="testNewerVersionException" time="0.079" classname="org.wso2.carbon.registry.core.test.jdbc.DumpTest"/>
  <testcase name="testSimpleNewRestore" time="0.052" classname="org.wso2.carbon.registry.core.test.jdbc.DumpTest"/>
  <testcase name="testNewRestore" time="0.171" classname="org.wso2.carbon.registry.core.test.jdbc.DumpTest"/>
  <testcase name="testRootDump" time="0.760" classname="org.wso2.carbon.registry.core.test.jdbc.DumpTest"/>
  <testcase name="testCollectionDump" time="0.097" classname="org.wso2.carbon.registry.core.test.jdbc.DumpTest"/>
  <testcase name="testAbsoluteAssociationPath" time="0.003" classname="org.wso2.carbon.registry.core.test.jdbc.DumpTest"/>
  <testcase name="testRootRestore" time="0.076" classname="org.wso2.carbon.registry.core.test.jdbc.DumpTest"/>
  <testcase name="testDumpWithSymLink" time="0.259" classname="org.wso2.carbon.registry.core.test.jdbc.DumpTest"/>
</testsuite>
