<?xml version="1.0" encoding="UTF-8"?>
<!-- Generated by org.testng.reporters.JUnitReportReporter -->
<testsuite hostname="eranda" name="org.wso2.carbon.registry.core.test.utils.RegistryUtilsTest" tests="1" failures="0" timestamp="11 Mar 2014 05:25:58 GMT" time="0.013" errors="0">
  <testcase name="testGetResourceName" time="0.013" classname="org.wso2.carbon.registry.core.test.utils.RegistryUtilsTest"/>
</testsuite>
