<?xml version="1.0" encoding="UTF-8"?>
<!-- Generated by org.testng.reporters.JUnitReportReporter -->
<testsuite hostname="eranda" name="org.wso2.carbon.registry.core.test.jdbc.StaticConfigurationTrueTest" tests="1" failures="0" timestamp="11 Mar 2014 06:08:33 GMT" time="0.134" errors="0">
  <testcase name="testVersioningProperties" time="0.134" classname="org.wso2.carbon.registry.core.test.jdbc.StaticConfigurationTrueTest"/>
</testsuite>
