<?xml version="1.0" encoding="UTF-8"?>
<!-- Generated by org.testng.reporters.JUnitReportReporter -->
<testsuite hostname="eranda" name="org.wso2.carbon.registry.core.test.jdbc.QueryTest" tests="4" failures="0" timestamp="11 Mar 2014 05:27:12 GMT" time="0.342" errors="0">
  <testcase name="testWithoutWhereQuery" time="0.072" classname="org.wso2.carbon.registry.core.test.jdbc.QueryTest"/>
  <testcase name="testWithSpecialCharactersQuery" time="0.075" classname="org.wso2.carbon.registry.core.test.jdbc.QueryTest"/>
  <testcase name="testWithoutTableParamsQuery" time="0.050" classname="org.wso2.carbon.registry.core.test.jdbc.QueryTest"/>
  <testcase name="testDefaultQuery" time="0.145" classname="org.wso2.carbon.registry.core.test.jdbc.QueryTest"/>
</testsuite>
