<?xml version="1.0" encoding="UTF-8"?>
<!-- Generated by org.testng.reporters.JUnitReportReporter -->
<testsuite hostname="eranda" name="org.wso2.carbon.registry.core.test.jdbc.VersionHandlingTest" tests="10" failures="0" timestamp="11 Mar 2014 06:08:27 GMT" time="1.017" errors="0">
  <testcase name="testCreateVersions" time="0.034" classname="org.wso2.carbon.registry.core.test.jdbc.VersionHandlingTest"/>
  <testcase name="testPermalinksForResources" time="0.054" classname="org.wso2.carbon.registry.core.test.jdbc.VersionHandlingTest"/>
  <testcase name="testRootLevelVersioning" time="0.311" classname="org.wso2.carbon.registry.core.test.jdbc.VersionHandlingTest"/>
  <testcase name="testSimpleCollectionVersioning" time="0.087" classname="org.wso2.carbon.registry.core.test.jdbc.VersionHandlingTest"/>
  <testcase name="testPermalinksForCollections" time="0.073" classname="org.wso2.carbon.registry.core.test.jdbc.VersionHandlingTest"/>
  <testcase name="testSimpleCollectionRestore" time="0.119" classname="org.wso2.carbon.registry.core.test.jdbc.VersionHandlingTest"/>
  <testcase name="testAdvancedCollectionRestore" time="0.227" classname="org.wso2.carbon.registry.core.test.jdbc.VersionHandlingTest"/>
  <testcase name="testResourceContentVersioning" time="0.036" classname="org.wso2.carbon.registry.core.test.jdbc.VersionHandlingTest"/>
  <testcase name="testResourceRestore" time="0.040" classname="org.wso2.carbon.registry.core.test.jdbc.VersionHandlingTest"/>
  <testcase name="testResourcePropertyVersioning" time="0.036" classname="org.wso2.carbon.registry.core.test.jdbc.VersionHandlingTest"/>
</testsuite>
