<?xml version="1.0" encoding="UTF-8"?>
<!-- Generated by org.testng.reporters.JUnitReportReporter -->
<testsuite hostname="eranda" name="org.wso2.carbon.registry.core.test.jdbc.PropertiesTest" tests="8" failures="0" timestamp="11 Mar 2014 05:27:04 GMT" time="0.172" errors="0">
  <testcase name="testRemovingMultivaluedProperties" time="0.029" classname="org.wso2.carbon.registry.core.test.jdbc.PropertiesTest"/>
  <testcase name="testRootLevelProperties" time="0.013" classname="org.wso2.carbon.registry.core.test.jdbc.PropertiesTest"/>
  <testcase name="testNullValuedProperties" time="0.012" classname="org.wso2.carbon.registry.core.test.jdbc.PropertiesTest"/>
  <testcase name="testEditingMultivaluedProperties" time="0.053" classname="org.wso2.carbon.registry.core.test.jdbc.PropertiesTest"/>
  <testcase name="testNullMultiValuedProperties" time="0.013" classname="org.wso2.carbon.registry.core.test.jdbc.PropertiesTest"/>
  <testcase name="testMultiValuedProperties" time="0.013" classname="org.wso2.carbon.registry.core.test.jdbc.PropertiesTest"/>
  <testcase name="testSingleValuedProperties" time="0.009" classname="org.wso2.carbon.registry.core.test.jdbc.PropertiesTest"/>
  <testcase name="testRemovingProperties" time="0.030" classname="org.wso2.carbon.registry.core.test.jdbc.PropertiesTest"/>
</testsuite>
