<?xml version="1.0" encoding="UTF-8"?>
<!-- Generated by org.testng.reporters.JUnitReportReporter -->
<testsuite hostname="eranda" name="org.wso2.carbon.registry.core.test.jdbc.SymlinkTest" tests="17" failures="0" timestamp="11 Mar 2014 06:12:26 GMT" time="2.058" errors="0">
  <testcase name="testMoveBothSymLink" time="0.061" classname="org.wso2.carbon.registry.core.test.jdbc.SymlinkTest"/>
  <testcase name="testSymbolicLinksRoots" time="0.030" classname="org.wso2.carbon.registry.core.test.jdbc.SymlinkTest"/>
  <testcase name="testSymlinkOrder" time="0.044" classname="org.wso2.carbon.registry.core.test.jdbc.SymlinkTest"/>
  <testcase name="testMoveSourceFromSymlink" time="0.057" classname="org.wso2.carbon.registry.core.test.jdbc.SymlinkTest"/>
  <testcase name="testRenameParentWithSymlink" time="0.223" classname="org.wso2.carbon.registry.core.test.jdbc.SymlinkTest"/>
  <testcase name="testCopyParentWithSymlink" time="0.460" classname="org.wso2.carbon.registry.core.test.jdbc.SymlinkTest"/>
  <testcase name="testCopySourceFromSymlink" time="0.052" classname="org.wso2.carbon.registry.core.test.jdbc.SymlinkTest"/>
  <testcase name="testCopyTargetToSymLink" time="0.045" classname="org.wso2.carbon.registry.core.test.jdbc.SymlinkTest"/>
  <testcase name="testMoveSourceSymLinkRoot" time="0.085" classname="org.wso2.carbon.registry.core.test.jdbc.SymlinkTest"/>
  <testcase name="testTransitiveSymLinks" time="0.333" classname="org.wso2.carbon.registry.core.test.jdbc.SymlinkTest"/>
  <testcase name="testSymbolicLinks" time="0.046" classname="org.wso2.carbon.registry.core.test.jdbc.SymlinkTest"/>
  <testcase name="testCopySourceSymLinkRoot" time="0.044" classname="org.wso2.carbon.registry.core.test.jdbc.SymlinkTest"/>
  <testcase name="testMoveParentWithSymlink" time="0.228" classname="org.wso2.carbon.registry.core.test.jdbc.SymlinkTest"/>
  <testcase name="testMoveTargetToSymLink" time="0.055" classname="org.wso2.carbon.registry.core.test.jdbc.SymlinkTest"/>
  <testcase name="testSymlinkOrder2" time="0.045" classname="org.wso2.carbon.registry.core.test.jdbc.SymlinkTest"/>
  <testcase name="testMoveSourceSymLinkRootCollection" time="0.144" classname="org.wso2.carbon.registry.core.test.jdbc.SymlinkTest"/>
  <testcase name="testCopyBothSymLink" time="0.106" classname="org.wso2.carbon.registry.core.test.jdbc.SymlinkTest"/>
</testsuite>
