<?xml version="1.0" encoding="UTF-8"?>
<!-- Generated by org.testng.reporters.JUnitReportReporter -->
<testsuite hostname="eranda" name="org.wso2.carbon.registry.core.test.jdbc.ResourceImportExportTest" tests="19" failures="0" timestamp="11 Mar 2014 06:12:02 GMT" time="1.522" errors="0">
  <testcase name="testLogs" time="0.009" classname="org.wso2.carbon.registry.core.test.jdbc.ResourceImportExportTest"/>
  <testcase name="testLastUpdateWithPut" time="0.022" classname="org.wso2.carbon.registry.core.test.jdbc.ResourceImportExportTest"/>
  <testcase name="testCollectionVersioning" time="0.072" classname="org.wso2.carbon.registry.core.test.jdbc.ResourceImportExportTest"/>
  <testcase name="testCombinedScenario" time="0.083" classname="org.wso2.carbon.registry.core.test.jdbc.ResourceImportExportTest"/>
  <testcase name="testValueChange" time="0.020" classname="org.wso2.carbon.registry.core.test.jdbc.ResourceImportExportTest"/>
  <testcase name="testResourceVersioning" time="0.080" classname="org.wso2.carbon.registry.core.test.jdbc.ResourceImportExportTest"/>
  <testcase name="testIllegalCharacters" time="0.056" classname="org.wso2.carbon.registry.core.test.jdbc.ResourceImportExportTest"/>
  <testcase name="testHierarchicalResourceHandling" time="0.027" classname="org.wso2.carbon.registry.core.test.jdbc.ResourceImportExportTest"/>
  <testcase name="testCollectionDetails" time="0.055" classname="org.wso2.carbon.registry.core.test.jdbc.ResourceImportExportTest"/>
  <testcase name="testResourceDelete" time="0.051" classname="org.wso2.carbon.registry.core.test.jdbc.ResourceImportExportTest"/>
  <testcase name="testGetMetaData" time="0.010" classname="org.wso2.carbon.registry.core.test.jdbc.ResourceImportExportTest"/>
  <testcase name="testLastUpdateWithGet" time="0.516" classname="org.wso2.carbon.registry.core.test.jdbc.ResourceImportExportTest"/>
  <testcase name="testImportResourceFromFile" time="0.023" classname="org.wso2.carbon.registry.core.test.jdbc.ResourceImportExportTest"/>
  <testcase name="testPutOnSamePath" time="0.020" classname="org.wso2.carbon.registry.core.test.jdbc.ResourceImportExportTest"/>
  <testcase name="testFlatResourceHandling" time="0.019" classname="org.wso2.carbon.registry.core.test.jdbc.ResourceImportExportTest"/>
  <testcase name="testResourceCollectionMix" time="0.042" classname="org.wso2.carbon.registry.core.test.jdbc.ResourceImportExportTest"/>
  <testcase name="testExportResourceToFile" time="0.028" classname="org.wso2.carbon.registry.core.test.jdbc.ResourceImportExportTest"/>
  <testcase name="testUserDefinedResourceQuery" time="0.050" classname="org.wso2.carbon.registry.core.test.jdbc.ResourceImportExportTest"/>
  <testcase name="testMediaTypesInCaps" time="0.339" classname="org.wso2.carbon.registry.core.test.jdbc.ResourceImportExportTest"/>
</testsuite>
