<?xml version="1.0" encoding="UTF-8"?>
<!-- Generated by org.testng.reporters.JUnitReportReporter -->
<testsuite hostname="eranda" name="org.wso2.carbon.registry.core.test.jdbc.ResourceImportExportTest" tests="19" failures="0" timestamp="11 Mar 2014 05:30:01 GMT" time="1.717" errors="0">
  <testcase name="testMediaTypesInCaps" time="0.369" classname="org.wso2.carbon.registry.core.test.jdbc.ResourceImportExportTest"/>
  <testcase name="testExportResourceToFile" time="0.035" classname="org.wso2.carbon.registry.core.test.jdbc.ResourceImportExportTest"/>
  <testcase name="testPutOnSamePath" time="0.023" classname="org.wso2.carbon.registry.core.test.jdbc.ResourceImportExportTest"/>
  <testcase name="testIllegalCharacters" time="0.060" classname="org.wso2.carbon.registry.core.test.jdbc.ResourceImportExportTest"/>
  <testcase name="testLastUpdateWithPut" time="0.030" classname="org.wso2.carbon.registry.core.test.jdbc.ResourceImportExportTest"/>
  <testcase name="testUserDefinedResourceQuery" time="0.062" classname="org.wso2.carbon.registry.core.test.jdbc.ResourceImportExportTest"/>
  <testcase name="testResourceCollectionMix" time="0.047" classname="org.wso2.carbon.registry.core.test.jdbc.ResourceImportExportTest"/>
  <testcase name="testGetMetaData" time="0.013" classname="org.wso2.carbon.registry.core.test.jdbc.ResourceImportExportTest"/>
  <testcase name="testLogs" time="0.006" classname="org.wso2.carbon.registry.core.test.jdbc.ResourceImportExportTest"/>
  <testcase name="testFlatResourceHandling" time="0.026" classname="org.wso2.carbon.registry.core.test.jdbc.ResourceImportExportTest"/>
  <testcase name="testImportResourceFromFile" time="0.029" classname="org.wso2.carbon.registry.core.test.jdbc.ResourceImportExportTest"/>
  <testcase name="testCollectionDetails" time="0.061" classname="org.wso2.carbon.registry.core.test.jdbc.ResourceImportExportTest"/>
  <testcase name="testValueChange" time="0.024" classname="org.wso2.carbon.registry.core.test.jdbc.ResourceImportExportTest"/>
  <testcase name="testResourceDelete" time="0.062" classname="org.wso2.carbon.registry.core.test.jdbc.ResourceImportExportTest"/>
  <testcase name="testCombinedScenario" time="0.107" classname="org.wso2.carbon.registry.core.test.jdbc.ResourceImportExportTest"/>
  <testcase name="testHierarchicalResourceHandling" time="0.052" classname="org.wso2.carbon.registry.core.test.jdbc.ResourceImportExportTest"/>
  <testcase name="testResourceVersioning" time="0.098" classname="org.wso2.carbon.registry.core.test.jdbc.ResourceImportExportTest"/>
  <testcase name="testLastUpdateWithGet" time="0.518" classname="org.wso2.carbon.registry.core.test.jdbc.ResourceImportExportTest"/>
  <testcase name="testCollectionVersioning" time="0.095" classname="org.wso2.carbon.registry.core.test.jdbc.ResourceImportExportTest"/>
</testsuite>
