<?xml version="1.0" encoding="UTF-8"?>
<!-- Generated by org.testng.reporters.JUnitReportReporter -->
<testsuite hostname="eranda" name="org.wso2.carbon.registry.core.test.jdbc.ChrootJDBCTest" tests="18" failures="0" timestamp="11 Mar 2014 06:12:12 GMT" time="1.697" errors="0">
  <testcase name="testResourceVersioning" time="0.087" classname="org.wso2.carbon.registry.core.test.jdbc.ChrootJDBCTest"/>
  <testcase name="testValueChange" time="0.022" classname="org.wso2.carbon.registry.core.test.jdbc.ChrootJDBCTest"/>
  <testcase name="testHierarchicalResourceHandling" time="0.035" classname="org.wso2.carbon.registry.core.test.jdbc.ChrootJDBCTest"/>
  <testcase name="testIllegalCharacters" time="0.061" classname="org.wso2.carbon.registry.core.test.jdbc.ChrootJDBCTest"/>
  <testcase name="testLogs" time="0.006" classname="org.wso2.carbon.registry.core.test.jdbc.ChrootJDBCTest"/>
  <testcase name="testCombinedScenario" time="0.126" classname="org.wso2.carbon.registry.core.test.jdbc.ChrootJDBCTest"/>
  <testcase name="testPutOnSamePath" time="0.020" classname="org.wso2.carbon.registry.core.test.jdbc.ChrootJDBCTest"/>
  <testcase name="testCollectionVersioning" time="0.092" classname="org.wso2.carbon.registry.core.test.jdbc.ChrootJDBCTest"/>
  <testcase name="testCollectionDetails" time="0.039" classname="org.wso2.carbon.registry.core.test.jdbc.ChrootJDBCTest"/>
  <testcase name="testResourceDelete" time="0.057" classname="org.wso2.carbon.registry.core.test.jdbc.ChrootJDBCTest"/>
  <testcase name="testPrefixManagement" time="0.119" classname="org.wso2.carbon.registry.core.test.jdbc.ChrootJDBCTest"/>
  <testcase name="testGetMetaData" time="0.014" classname="org.wso2.carbon.registry.core.test.jdbc.ChrootJDBCTest"/>
  <testcase name="testUserDefinedResourceQuery" time="0.057" classname="org.wso2.carbon.registry.core.test.jdbc.ChrootJDBCTest"/>
  <testcase name="testLastUpdateWithGet" time="0.527" classname="org.wso2.carbon.registry.core.test.jdbc.ChrootJDBCTest"/>
  <testcase name="testFlatResourceHandling" time="0.027" classname="org.wso2.carbon.registry.core.test.jdbc.ChrootJDBCTest"/>
  <testcase name="testResourceCollectionMix" time="0.044" classname="org.wso2.carbon.registry.core.test.jdbc.ChrootJDBCTest"/>
  <testcase name="testLastUpdateWithPut" time="0.024" classname="org.wso2.carbon.registry.core.test.jdbc.ChrootJDBCTest"/>
  <testcase name="testMediaTypesInCaps" time="0.340" classname="org.wso2.carbon.registry.core.test.jdbc.ChrootJDBCTest"/>
</testsuite>
