<?xml version="1.0" encoding="UTF-8"?>
<!-- Generated by org.testng.reporters.JUnitReportReporter -->
<testsuite hostname="eranda" name="org.wso2.carbon.registry.core.test.jdbc.PathCacheTest" tests="1" failures="0" timestamp="11 Mar 2014 05:31:42 GMT" time="0.046" errors="0">
  <testcase name="testPathCache" time="0.046" classname="org.wso2.carbon.registry.core.test.jdbc.PathCacheTest"/>
</testsuite>
