<?xml version="1.0" encoding="UTF-8"?>
<!-- Generated by org.testng.reporters.JUnitReportReporter -->
<testsuite hostname="eranda" name="org.wso2.carbon.registry.core.test.jdbc.JDBCRegistryTest" tests="17" failures="0" timestamp="11 Mar 2014 05:31:59 GMT" time="1.360" errors="0">
  <testcase name="testResourceCollectionMix" time="0.032" classname="org.wso2.carbon.registry.core.test.jdbc.JDBCRegistryTest"/>
  <testcase name="testCollectionVersioning" time="0.069" classname="org.wso2.carbon.registry.core.test.jdbc.JDBCRegistryTest"/>
  <testcase name="testLogs" time="0.006" classname="org.wso2.carbon.registry.core.test.jdbc.JDBCRegistryTest"/>
  <testcase name="testPutOnSamePath" time="0.029" classname="org.wso2.carbon.registry.core.test.jdbc.JDBCRegistryTest"/>
  <testcase name="testValueChange" time="0.018" classname="org.wso2.carbon.registry.core.test.jdbc.JDBCRegistryTest"/>
  <testcase name="testHierarchicalResourceHandling" time="0.025" classname="org.wso2.carbon.registry.core.test.jdbc.JDBCRegistryTest"/>
  <testcase name="testCollectionDetails" time="0.046" classname="org.wso2.carbon.registry.core.test.jdbc.JDBCRegistryTest"/>
  <testcase name="testCombinedScenario" time="0.080" classname="org.wso2.carbon.registry.core.test.jdbc.JDBCRegistryTest"/>
  <testcase name="testResourceDelete" time="0.040" classname="org.wso2.carbon.registry.core.test.jdbc.JDBCRegistryTest"/>
  <testcase name="testIllegalCharacters" time="0.050" classname="org.wso2.carbon.registry.core.test.jdbc.JDBCRegistryTest"/>
  <testcase name="testResourceVersioning" time="0.071" classname="org.wso2.carbon.registry.core.test.jdbc.JDBCRegistryTest"/>
  <testcase name="testMediaTypesInCaps" time="0.284" classname="org.wso2.carbon.registry.core.test.jdbc.JDBCRegistryTest"/>
  <testcase name="testLastUpdateWithGet" time="0.514" classname="org.wso2.carbon.registry.core.test.jdbc.JDBCRegistryTest"/>
  <testcase name="testLastUpdateWithPut" time="0.021" classname="org.wso2.carbon.registry.core.test.jdbc.JDBCRegistryTest"/>
  <testcase name="testUserDefinedResourceQuery" time="0.046" classname="org.wso2.carbon.registry.core.test.jdbc.JDBCRegistryTest"/>
  <testcase name="testFlatResourceHandling" time="0.019" classname="org.wso2.carbon.registry.core.test.jdbc.JDBCRegistryTest"/>
  <testcase name="testGetMetaData" time="0.010" classname="org.wso2.carbon.registry.core.test.jdbc.JDBCRegistryTest"/>
</testsuite>
