<?xml version="1.0" encoding="UTF-8"?>
<!-- Generated by org.testng.reporters.JUnitReportReporter -->
<testsuite hostname="eranda" name="org.wso2.carbon.registry.core.test.jdbc.RenameTest" tests="4" failures="0" timestamp="11 Mar 2014 06:13:13 GMT" time="0.126" errors="0">
  <testcase name="testGeneralCollectionRename" time="0.056" classname="org.wso2.carbon.registry.core.test.jdbc.RenameTest"/>
  <testcase name="testRootLevelCollectionRename" time="0.032" classname="org.wso2.carbon.registry.core.test.jdbc.RenameTest"/>
  <testcase name="testGeneralResourceRename" time="0.021" classname="org.wso2.carbon.registry.core.test.jdbc.RenameTest"/>
  <testcase name="testRootLevelResourceRename" time="0.017" classname="org.wso2.carbon.registry.core.test.jdbc.RenameTest"/>
</testsuite>
