<?xml version="1.0" encoding="UTF-8"?>
<!-- Generated by org.testng.reporters.JUnitReportReporter -->
<testsuite hostname="eranda" name="org.wso2.carbon.registry.core.test.jdbc.DumpTest" tests="10" failures="0" timestamp="11 Mar 2014 05:31:47 GMT" time="1.522" errors="0">
  <testcase name="testDumpWithSymLink" time="0.228" classname="org.wso2.carbon.registry.core.test.jdbc.DumpTest"/>
  <testcase name="testRelativeAssociationPath" time="0.001" classname="org.wso2.carbon.registry.core.test.jdbc.DumpTest"/>
  <testcase name="testAbsoluteAssociationPath" time="0.002" classname="org.wso2.carbon.registry.core.test.jdbc.DumpTest"/>
  <testcase name="testResourceDump" time="0.023" classname="org.wso2.carbon.registry.core.test.jdbc.DumpTest"/>
  <testcase name="testNewRestore" time="0.251" classname="org.wso2.carbon.registry.core.test.jdbc.DumpTest"/>
  <testcase name="testNewerVersionException" time="0.070" classname="org.wso2.carbon.registry.core.test.jdbc.DumpTest"/>
  <testcase name="testCollectionDump" time="0.098" classname="org.wso2.carbon.registry.core.test.jdbc.DumpTest"/>
  <testcase name="testRootRestore" time="0.084" classname="org.wso2.carbon.registry.core.test.jdbc.DumpTest"/>
  <testcase name="testRootDump" time="0.709" classname="org.wso2.carbon.registry.core.test.jdbc.DumpTest"/>
  <testcase name="testSimpleNewRestore" time="0.056" classname="org.wso2.carbon.registry.core.test.jdbc.DumpTest"/>
</testsuite>
