<?xml version="1.0" encoding="UTF-8" ?>
<testsuite failures="0" time="5.684" errors="0" skipped="0" tests="27" name="org.wso2.carbon.registry.core.test.jdbc.ResourceImportExportTest">
  <properties>
    <property name="java.runtime.name" value="Java(TM) SE Runtime Environment"/>
    <property name="sun.boot.library.path" value="/usr/local/java/jdk1.6.0_43/jre/lib/amd64"/>
    <property name="java.vm.version" value="20.14-b01"/>
    <property name="java.vm.vendor" value="Sun Microsystems Inc."/>
    <property name="java.vendor.url" value="http://java.sun.com/"/>
    <property name="path.separator" value=":"/>
    <property name="guice.disable.misplaced.annotation.check" value="true"/>
    <property name="java.vm.name" value="Java HotSpot(TM) 64-Bit Server VM"/>
    <property name="file.encoding.pkg" value="sun.io"/>
    <property name="user.country" value="US"/>
    <property name="sun.java.launcher" value="SUN_STANDARD"/>
    <property name="sun.os.patch.level" value="unknown"/>
    <property name="java.vm.specification.name" value="Java Virtual Machine Specification"/>
    <property name="user.dir" value="/home/shazni/ProjectFiles/SVN/C5/Kernel/4.2.0/patches/patch0001/core/org.wso2.carbon.registry.core"/>
    <property name="java.runtime.version" value="1.6.0_43-b01"/>
    <property name="java.awt.graphicsenv" value="sun.awt.X11GraphicsEnvironment"/>
    <property name="java.endorsed.dirs" value="/usr/local/java/jdk1.6.0_43/jre/lib/endorsed"/>
    <property name="os.arch" value="amd64"/>
    <property name="java.io.tmpdir" value="/tmp"/>
    <property name="line.separator" value="
"/>
    <property name="java.vm.specification.vendor" value="Sun Microsystems Inc."/>
    <property name="os.name" value="Linux"/>
    <property name="classworlds.conf" value="/home/shazni/Programs/apache-maven-3.0.5/bin/m2.conf"/>
    <property name="sun.jnu.encoding" value="UTF-8"/>
    <property name="java.library.path" value="/usr/local/java/jdk1.6.0_43/jre/lib/amd64/server:/usr/local/java/jdk1.6.0_43/jre/lib/amd64:/usr/local/java/jdk1.6.0_43/jre/../lib/amd64:/usr/java/packages/lib/amd64:/usr/lib64:/lib64:/lib:/usr/lib"/>
    <property name="java.specification.name" value="Java Platform API Specification"/>
    <property name="java.class.version" value="50.0"/>
    <property name="sun.management.compiler" value="HotSpot 64-Bit Tiered Compilers"/>
    <property name="os.version" value="3.8.0-33-generic"/>
    <property name="user.home" value="/home/shazni"/>
    <property name="user.timezone" value="Asia/Colombo"/>
    <property name="java.awt.printerjob" value="sun.print.PSPrinterJob"/>
    <property name="file.encoding" value="UTF-8"/>
    <property name="java.specification.version" value="1.6"/>
    <property name="user.name" value="shazni"/>
    <property name="java.class.path" value="/home/shazni/Programs/apache-maven-3.0.5/boot/plexus-classworlds-2.4.jar"/>
    <property name="java.vm.specification.version" value="1.0"/>
    <property name="sun.arch.data.model" value="64"/>
    <property name="java.home" value="/usr/local/java/jdk1.6.0_43/jre"/>
    <property name="sun.java.command" value="org.codehaus.plexus.classworlds.launcher.Launcher clean install"/>
    <property name="java.specification.vendor" value="Sun Microsystems Inc."/>
    <property name="user.language" value="en"/>
    <property name="java.vm.info" value="mixed mode"/>
    <property name="java.version" value="1.6.0_43"/>
    <property name="java.ext.dirs" value="/usr/local/java/jdk1.6.0_43/jre/lib/ext:/usr/java/packages/lib/ext"/>
    <property name="securerandom.source" value="file:/dev/./urandom"/>
    <property name="sun.boot.class.path" value="/usr/local/java/jdk1.6.0_43/jre/lib/resources.jar:/usr/local/java/jdk1.6.0_43/jre/lib/rt.jar:/usr/local/java/jdk1.6.0_43/jre/lib/sunrsasign.jar:/usr/local/java/jdk1.6.0_43/jre/lib/jsse.jar:/usr/local/java/jdk1.6.0_43/jre/lib/jce.jar:/usr/local/java/jdk1.6.0_43/jre/lib/charsets.jar:/usr/local/java/jdk1.6.0_43/jre/lib/modules/jdk.boot.jar:/usr/local/java/jdk1.6.0_43/jre/classes"/>
    <property name="java.vendor" value="Sun Microsystems Inc."/>
    <property name="maven.home" value="/home/shazni/Programs/apache-maven-3.0.5"/>
    <property name="file.separator" value="/"/>
    <property name="java.vendor.url.bug" value="http://java.sun.com/cgi-bin/bugreport.cgi"/>
    <property name="sun.cpu.endian" value="little"/>
    <property name="sun.io.unicode.encoding" value="UnicodeLittle"/>
    <property name="sun.desktop" value="gnome"/>
    <property name="sun.cpu.isalist" value=""/>
  </properties>
  <testcase time="2.716" classname="org.wso2.carbon.registry.core.test.jdbc.ResourceImportExportTest" name="testImportResourceFromFile"/>
  <testcase time="0.128" classname="org.wso2.carbon.registry.core.test.jdbc.ResourceImportExportTest" name="testExportResourceToFile"/>
  <testcase time="0.108" classname="org.wso2.carbon.registry.core.test.jdbc.ResourceImportExportTest" name="testIllegalCharacters"/>
  <testcase time="0.309" classname="org.wso2.carbon.registry.core.test.jdbc.ResourceImportExportTest" name="testMediaTypesInCaps"/>
  <testcase time="0.093" classname="org.wso2.carbon.registry.core.test.jdbc.ResourceImportExportTest" name="testCollectionDetails"/>
  <testcase time="0.09" classname="org.wso2.carbon.registry.core.test.jdbc.ResourceImportExportTest" name="testFlatResourceHandling"/>
  <testcase time="0.1" classname="org.wso2.carbon.registry.core.test.jdbc.ResourceImportExportTest" name="testHierarchicalResourceHandling"/>
  <testcase time="0.12" classname="org.wso2.carbon.registry.core.test.jdbc.ResourceImportExportTest" name="testResourceVersioning"/>
  <testcase time="0.069" classname="org.wso2.carbon.registry.core.test.jdbc.ResourceImportExportTest" name="testPutOnSamePath"/>
  <testcase time="0.102" classname="org.wso2.carbon.registry.core.test.jdbc.ResourceImportExportTest" name="testCollectionVersioning"/>
  <testcase time="0.083" classname="org.wso2.carbon.registry.core.test.jdbc.ResourceImportExportTest" name="testValueChange"/>
  <testcase time="0.095" classname="org.wso2.carbon.registry.core.test.jdbc.ResourceImportExportTest" name="testComments"/>
  <testcase time="0.108" classname="org.wso2.carbon.registry.core.test.jdbc.ResourceImportExportTest" name="testRatings"/>
  <testcase time="0.101" classname="org.wso2.carbon.registry.core.test.jdbc.ResourceImportExportTest" name="testUserDefinedResourceQuery"/>
  <testcase time="0.105" classname="org.wso2.carbon.registry.core.test.jdbc.ResourceImportExportTest" name="testUserDefinedRatingsQuery"/>
  <testcase time="0.105" classname="org.wso2.carbon.registry.core.test.jdbc.ResourceImportExportTest" name="testUserDefinedTagsQuery"/>
  <testcase time="0.069" classname="org.wso2.carbon.registry.core.test.jdbc.ResourceImportExportTest" name="testUserDefinedCommentsQuery"/>
  <testcase time="0.029" classname="org.wso2.carbon.registry.core.test.jdbc.ResourceImportExportTest" name="testTagsAsResources"/>
  <testcase time="0.06" classname="org.wso2.carbon.registry.core.test.jdbc.ResourceImportExportTest" name="testCommentsAsResources"/>
  <testcase time="0.056" classname="org.wso2.carbon.registry.core.test.jdbc.ResourceImportExportTest" name="testRatingsAsResources"/>
  <testcase time="0.048" classname="org.wso2.carbon.registry.core.test.jdbc.ResourceImportExportTest" name="testLogs"/>
  <testcase time="0.096" classname="org.wso2.carbon.registry.core.test.jdbc.ResourceImportExportTest" name="testResourceDelete"/>
  <testcase time="0.186" classname="org.wso2.carbon.registry.core.test.jdbc.ResourceImportExportTest" name="testCombinedScenario"/>
  <testcase time="0.051" classname="org.wso2.carbon.registry.core.test.jdbc.ResourceImportExportTest" name="testGetMetaData"/>
  <testcase time="0.071" classname="org.wso2.carbon.registry.core.test.jdbc.ResourceImportExportTest" name="testResourceCollectionMix"/>
  <testcase time="0.538" classname="org.wso2.carbon.registry.core.test.jdbc.ResourceImportExportTest" name="testLastUpdateWithGet"/>
  <testcase time="0.048" classname="org.wso2.carbon.registry.core.test.jdbc.ResourceImportExportTest" name="testLastUpdateWithPut"/>
</testsuite>