<?xml version="1.0" encoding="UTF-8"?>
<!-- Generated by org.testng.reporters.JUnitReportReporter -->
<testsuite hostname="eranda" name="org.wso2.carbon.registry.core.test.jdbc.CopyTest" tests="2" failures="0" timestamp="11 Mar 2014 05:25:13 GMT" time="0.115" errors="0">
  <testcase name="testCollectionCopy" time="0.077" classname="org.wso2.carbon.registry.core.test.jdbc.CopyTest"/>
  <testcase name="testResourceCopy" time="0.038" classname="org.wso2.carbon.registry.core.test.jdbc.CopyTest"/>
</testsuite>
