<?xml version="1.0" encoding="UTF-8"?>
<!-- Generated by org.testng.reporters.JUnitReportReporter -->
<testsuite hostname="eranda" name="org.wso2.carbon.registry.core.test.jdbc.HandlerTest" tests="2" failures="0" timestamp="11 Mar 2014 05:24:49 GMT" time="0.045" errors="0">
  <testcase name="testCommitHandlerExecution" time="0.038" classname="org.wso2.carbon.registry.core.test.jdbc.HandlerTest"/>
  <testcase name="testRollbackHandlerExecution" time="0.007" classname="org.wso2.carbon.registry.core.test.jdbc.HandlerTest"/>
</testsuite>
