<?xml version="1.0" encoding="UTF-8"?>
<!-- Generated by org.testng.reporters.JUnitReportReporter -->
<testsuite hostname="eranda" name="org.wso2.carbon.registry.core.test.jdbc.ChrootJDBCTest" tests="18" failures="0" timestamp="11 Mar 2014 06:07:02 GMT" time="1.455" errors="0">
  <testcase name="testPrefixManagement" time="0.092" classname="org.wso2.carbon.registry.core.test.jdbc.ChrootJDBCTest"/>
  <testcase name="testIllegalCharacters" time="0.050" classname="org.wso2.carbon.registry.core.test.jdbc.ChrootJDBCTest"/>
  <testcase name="testLastUpdateWithGet" time="0.514" classname="org.wso2.carbon.registry.core.test.jdbc.ChrootJDBCTest"/>
  <testcase name="testMediaTypesInCaps" time="0.271" classname="org.wso2.carbon.registry.core.test.jdbc.ChrootJDBCTest"/>
  <testcase name="testPutOnSamePath" time="0.019" classname="org.wso2.carbon.registry.core.test.jdbc.ChrootJDBCTest"/>
  <testcase name="testResourceCollectionMix" time="0.037" classname="org.wso2.carbon.registry.core.test.jdbc.ChrootJDBCTest"/>
  <testcase name="testUserDefinedResourceQuery" time="0.046" classname="org.wso2.carbon.registry.core.test.jdbc.ChrootJDBCTest"/>
  <testcase name="testCollectionVersioning" time="0.080" classname="org.wso2.carbon.registry.core.test.jdbc.ChrootJDBCTest"/>
  <testcase name="testCollectionDetails" time="0.034" classname="org.wso2.carbon.registry.core.test.jdbc.ChrootJDBCTest"/>
  <testcase name="testFlatResourceHandling" time="0.024" classname="org.wso2.carbon.registry.core.test.jdbc.ChrootJDBCTest"/>
  <testcase name="testResourceVersioning" time="0.067" classname="org.wso2.carbon.registry.core.test.jdbc.ChrootJDBCTest"/>
  <testcase name="testCombinedScenario" time="0.099" classname="org.wso2.carbon.registry.core.test.jdbc.ChrootJDBCTest"/>
  <testcase name="testHierarchicalResourceHandling" time="0.027" classname="org.wso2.carbon.registry.core.test.jdbc.ChrootJDBCTest"/>
  <testcase name="testValueChange" time="0.020" classname="org.wso2.carbon.registry.core.test.jdbc.ChrootJDBCTest"/>
  <testcase name="testLastUpdateWithPut" time="0.017" classname="org.wso2.carbon.registry.core.test.jdbc.ChrootJDBCTest"/>
  <testcase name="testGetMetaData" time="0.010" classname="org.wso2.carbon.registry.core.test.jdbc.ChrootJDBCTest"/>
  <testcase name="testResourceDelete" time="0.043" classname="org.wso2.carbon.registry.core.test.jdbc.ChrootJDBCTest"/>
  <testcase name="testLogs" time="0.005" classname="org.wso2.carbon.registry.core.test.jdbc.ChrootJDBCTest"/>
</testsuite>
