<?xml version="1.0" encoding="UTF-8"?>
<!-- Generated by org.testng.reporters.JUnitReportReporter -->
<testsuite hostname="eranda" name="org.wso2.carbon.registry.core.test.jdbc.SystemRegistryInHandlerTest" tests="1" failures="0" timestamp="11 Mar 2014 06:07:26 GMT" time="0.082" errors="0">
  <testcase name="testNestedRegistryOperations" time="0.082" classname="org.wso2.carbon.registry.core.test.jdbc.SystemRegistryInHandlerTest"/>
</testsuite>
