<?xml version="1.0" encoding="UTF-8"?>
<!-- Generated by org.testng.reporters.JUnitReportReporter -->
<testsuite hostname="eranda" name="org.wso2.carbon.registry.core.test.jdbc.RenameTest" tests="4" failures="0" timestamp="11 Mar 2014 05:24:52 GMT" time="0.146" errors="0">
  <testcase name="testRootLevelCollectionRename" time="0.036" classname="org.wso2.carbon.registry.core.test.jdbc.RenameTest"/>
  <testcase name="testRootLevelResourceRename" time="0.026" classname="org.wso2.carbon.registry.core.test.jdbc.RenameTest"/>
  <testcase name="testGeneralCollectionRename" time="0.060" classname="org.wso2.carbon.registry.core.test.jdbc.RenameTest"/>
  <testcase name="testGeneralResourceRename" time="0.024" classname="org.wso2.carbon.registry.core.test.jdbc.RenameTest"/>
</testsuite>
