<?xml version="1.0" encoding="UTF-8"?>
<!-- Generated by org.testng.reporters.JUnitReportReporter -->
<testsuite hostname="eranda" name="org.wso2.carbon.registry.core.test.jdbc.PathCacheTest" tests="1" failures="0" timestamp="11 Mar 2014 06:14:47 GMT" time="0.057" errors="0">
  <testcase name="testPathCache" time="0.057" classname="org.wso2.carbon.registry.core.test.jdbc.PathCacheTest"/>
</testsuite>
