<?xml version="1.0" encoding="UTF-8"?>
<!-- Generated by org.testng.reporters.JUnitReportReporter -->
<testsuite hostname="eranda" name="org.wso2.carbon.registry.core.test.jdbc.PropertiesTest" tests="8" failures="0" timestamp="11 Mar 2014 06:14:58 GMT" time="0.230" errors="0">
  <testcase name="testRootLevelProperties" time="0.018" classname="org.wso2.carbon.registry.core.test.jdbc.PropertiesTest"/>
  <testcase name="testRemovingProperties" time="0.040" classname="org.wso2.carbon.registry.core.test.jdbc.PropertiesTest"/>
  <testcase name="testNullMultiValuedProperties" time="0.020" classname="org.wso2.carbon.registry.core.test.jdbc.PropertiesTest"/>
  <testcase name="testSingleValuedProperties" time="0.013" classname="org.wso2.carbon.registry.core.test.jdbc.PropertiesTest"/>
  <testcase name="testNullValuedProperties" time="0.015" classname="org.wso2.carbon.registry.core.test.jdbc.PropertiesTest"/>
  <testcase name="testRemovingMultivaluedProperties" time="0.040" classname="org.wso2.carbon.registry.core.test.jdbc.PropertiesTest"/>
  <testcase name="testMultiValuedProperties" time="0.018" classname="org.wso2.carbon.registry.core.test.jdbc.PropertiesTest"/>
  <testcase name="testEditingMultivaluedProperties" time="0.066" classname="org.wso2.carbon.registry.core.test.jdbc.PropertiesTest"/>
</testsuite>
