<?xml version="1.0" encoding="UTF-8"?>
<!-- Generated by org.testng.reporters.JUnitReportReporter -->
<testsuite hostname="eranda" name="org.wso2.carbon.registry.core.test.jdbc.DumpTest" tests="10" failures="0" timestamp="11 Mar 2014 05:32:55 GMT" time="1.426" errors="0">
  <testcase name="testRelativeAssociationPath" time="0.001" classname="org.wso2.carbon.registry.core.test.jdbc.DumpTest"/>
  <testcase name="testAbsoluteAssociationPath" time="0.003" classname="org.wso2.carbon.registry.core.test.jdbc.DumpTest"/>
  <testcase name="testSimpleNewRestore" time="0.044" classname="org.wso2.carbon.registry.core.test.jdbc.DumpTest"/>
  <testcase name="testNewRestore" time="0.168" classname="org.wso2.carbon.registry.core.test.jdbc.DumpTest"/>
  <testcase name="testRootDump" time="0.724" classname="org.wso2.carbon.registry.core.test.jdbc.DumpTest"/>
  <testcase name="testRootRestore" time="0.067" classname="org.wso2.carbon.registry.core.test.jdbc.DumpTest"/>
  <testcase name="testResourceDump" time="0.022" classname="org.wso2.carbon.registry.core.test.jdbc.DumpTest"/>
  <testcase name="testCollectionDump" time="0.109" classname="org.wso2.carbon.registry.core.test.jdbc.DumpTest"/>
  <testcase name="testNewerVersionException" time="0.067" classname="org.wso2.carbon.registry.core.test.jdbc.DumpTest"/>
  <testcase name="testDumpWithSymLink" time="0.221" classname="org.wso2.carbon.registry.core.test.jdbc.DumpTest"/>
</testsuite>
