<?xml version="1.0" encoding="UTF-8"?>
<!-- Generated by org.testng.reporters.JUnitReportReporter -->
<testsuite hostname="eranda" name="org.wso2.carbon.registry.core.test.jdbc.PathsTest" tests="3" failures="0" timestamp="11 Mar 2014 05:32:28 GMT" time="0.119" errors="0">
  <testcase name="testGetOnPaths" time="0.029" classname="org.wso2.carbon.registry.core.test.jdbc.PathsTest"/>
  <testcase name="testPutOnPaths" time="0.035" classname="org.wso2.carbon.registry.core.test.jdbc.PathsTest"/>
  <testcase name="testColon" time="0.055" classname="org.wso2.carbon.registry.core.test.jdbc.PathsTest"/>
</testsuite>
