<?xml version="1.0" encoding="UTF-8"?>
<!-- Generated by org.testng.reporters.JUnitReportReporter -->
<testsuite hostname="eranda" name="org.wso2.carbon.registry.core.test.jdbc.ChrootJDBCTest" tests="18" failures="0" timestamp="11 Mar 2014 05:32:25 GMT" time="1.530" errors="0">
  <testcase name="testLastUpdateWithPut" time="0.016" classname="org.wso2.carbon.registry.core.test.jdbc.ChrootJDBCTest"/>
  <testcase name="testResourceDelete" time="0.052" classname="org.wso2.carbon.registry.core.test.jdbc.ChrootJDBCTest"/>
  <testcase name="testUserDefinedResourceQuery" time="0.054" classname="org.wso2.carbon.registry.core.test.jdbc.ChrootJDBCTest"/>
  <testcase name="testFlatResourceHandling" time="0.022" classname="org.wso2.carbon.registry.core.test.jdbc.ChrootJDBCTest"/>
  <testcase name="testMediaTypesInCaps" time="0.294" classname="org.wso2.carbon.registry.core.test.jdbc.ChrootJDBCTest"/>
  <testcase name="testCollectionVersioning" time="0.079" classname="org.wso2.carbon.registry.core.test.jdbc.ChrootJDBCTest"/>
  <testcase name="testValueChange" time="0.020" classname="org.wso2.carbon.registry.core.test.jdbc.ChrootJDBCTest"/>
  <testcase name="testResourceVersioning" time="0.082" classname="org.wso2.carbon.registry.core.test.jdbc.ChrootJDBCTest"/>
  <testcase name="testCollectionDetails" time="0.032" classname="org.wso2.carbon.registry.core.test.jdbc.ChrootJDBCTest"/>
  <testcase name="testGetMetaData" time="0.011" classname="org.wso2.carbon.registry.core.test.jdbc.ChrootJDBCTest"/>
  <testcase name="testLastUpdateWithGet" time="0.520" classname="org.wso2.carbon.registry.core.test.jdbc.ChrootJDBCTest"/>
  <testcase name="testHierarchicalResourceHandling" time="0.030" classname="org.wso2.carbon.registry.core.test.jdbc.ChrootJDBCTest"/>
  <testcase name="testCombinedScenario" time="0.099" classname="org.wso2.carbon.registry.core.test.jdbc.ChrootJDBCTest"/>
  <testcase name="testIllegalCharacters" time="0.060" classname="org.wso2.carbon.registry.core.test.jdbc.ChrootJDBCTest"/>
  <testcase name="testLogs" time="0.005" classname="org.wso2.carbon.registry.core.test.jdbc.ChrootJDBCTest"/>
  <testcase name="testResourceCollectionMix" time="0.044" classname="org.wso2.carbon.registry.core.test.jdbc.ChrootJDBCTest"/>
  <testcase name="testPutOnSamePath" time="0.019" classname="org.wso2.carbon.registry.core.test.jdbc.ChrootJDBCTest"/>
  <testcase name="testPrefixManagement" time="0.091" classname="org.wso2.carbon.registry.core.test.jdbc.ChrootJDBCTest"/>
</testsuite>
