<?xml version="1.0" encoding="UTF-8"?>
<!-- Generated by org.testng.reporters.JUnitReportReporter -->
<testsuite hostname="eranda" name="org.wso2.carbon.registry.core.test.jdbc.ResourceImportExportTest" tests="19" failures="0" timestamp="11 Mar 2014 06:15:17 GMT" time="1.429" errors="0">
  <testcase name="testFlatResourceHandling" time="0.018" classname="org.wso2.carbon.registry.core.test.jdbc.ResourceImportExportTest"/>
  <testcase name="testResourceDelete" time="0.041" classname="org.wso2.carbon.registry.core.test.jdbc.ResourceImportExportTest"/>
  <testcase name="testResourceCollectionMix" time="0.033" classname="org.wso2.carbon.registry.core.test.jdbc.ResourceImportExportTest"/>
  <testcase name="testResourceVersioning" time="0.082" classname="org.wso2.carbon.registry.core.test.jdbc.ResourceImportExportTest"/>
  <testcase name="testImportResourceFromFile" time="0.025" classname="org.wso2.carbon.registry.core.test.jdbc.ResourceImportExportTest"/>
  <testcase name="testExportResourceToFile" time="0.027" classname="org.wso2.carbon.registry.core.test.jdbc.ResourceImportExportTest"/>
  <testcase name="testMediaTypesInCaps" time="0.286" classname="org.wso2.carbon.registry.core.test.jdbc.ResourceImportExportTest"/>
  <testcase name="testIllegalCharacters" time="0.036" classname="org.wso2.carbon.registry.core.test.jdbc.ResourceImportExportTest"/>
  <testcase name="testGetMetaData" time="0.009" classname="org.wso2.carbon.registry.core.test.jdbc.ResourceImportExportTest"/>
  <testcase name="testLogs" time="0.006" classname="org.wso2.carbon.registry.core.test.jdbc.ResourceImportExportTest"/>
  <testcase name="testLastUpdateWithGet" time="0.530" classname="org.wso2.carbon.registry.core.test.jdbc.ResourceImportExportTest"/>
  <testcase name="testLastUpdateWithPut" time="0.017" classname="org.wso2.carbon.registry.core.test.jdbc.ResourceImportExportTest"/>
  <testcase name="testValueChange" time="0.021" classname="org.wso2.carbon.registry.core.test.jdbc.ResourceImportExportTest"/>
  <testcase name="testPutOnSamePath" time="0.015" classname="org.wso2.carbon.registry.core.test.jdbc.ResourceImportExportTest"/>
  <testcase name="testUserDefinedResourceQuery" time="0.068" classname="org.wso2.carbon.registry.core.test.jdbc.ResourceImportExportTest"/>
  <testcase name="testCombinedScenario" time="0.078" classname="org.wso2.carbon.registry.core.test.jdbc.ResourceImportExportTest"/>
  <testcase name="testCollectionDetails" time="0.045" classname="org.wso2.carbon.registry.core.test.jdbc.ResourceImportExportTest"/>
  <testcase name="testHierarchicalResourceHandling" time="0.024" classname="org.wso2.carbon.registry.core.test.jdbc.ResourceImportExportTest"/>
  <testcase name="testCollectionVersioning" time="0.068" classname="org.wso2.carbon.registry.core.test.jdbc.ResourceImportExportTest"/>
</testsuite>
