<?xml version="1.0" encoding="UTF-8"?>
<!-- Generated by org.testng.reporters.JUnitReportReporter -->
<testsuite hostname="eranda" name="org.wso2.carbon.registry.core.test.jdbc.JDBCRegistryTest" tests="17" failures="0" timestamp="11 Mar 2014 06:16:07 GMT" time="1.495" errors="0">
  <testcase name="testHierarchicalResourceHandling" time="0.031" classname="org.wso2.carbon.registry.core.test.jdbc.JDBCRegistryTest"/>
  <testcase name="testLastUpdateWithPut" time="0.019" classname="org.wso2.carbon.registry.core.test.jdbc.JDBCRegistryTest"/>
  <testcase name="testGetMetaData" time="0.012" classname="org.wso2.carbon.registry.core.test.jdbc.JDBCRegistryTest"/>
  <testcase name="testValueChange" time="0.019" classname="org.wso2.carbon.registry.core.test.jdbc.JDBCRegistryTest"/>
  <testcase name="testCollectionDetails" time="0.057" classname="org.wso2.carbon.registry.core.test.jdbc.JDBCRegistryTest"/>
  <testcase name="testLogs" time="0.006" classname="org.wso2.carbon.registry.core.test.jdbc.JDBCRegistryTest"/>
  <testcase name="testResourceDelete" time="0.050" classname="org.wso2.carbon.registry.core.test.jdbc.JDBCRegistryTest"/>
  <testcase name="testPutOnSamePath" time="0.018" classname="org.wso2.carbon.registry.core.test.jdbc.JDBCRegistryTest"/>
  <testcase name="testMediaTypesInCaps" time="0.324" classname="org.wso2.carbon.registry.core.test.jdbc.JDBCRegistryTest"/>
  <testcase name="testCollectionVersioning" time="0.081" classname="org.wso2.carbon.registry.core.test.jdbc.JDBCRegistryTest"/>
  <testcase name="testLastUpdateWithGet" time="0.521" classname="org.wso2.carbon.registry.core.test.jdbc.JDBCRegistryTest"/>
  <testcase name="testIllegalCharacters" time="0.062" classname="org.wso2.carbon.registry.core.test.jdbc.JDBCRegistryTest"/>
  <testcase name="testResourceVersioning" time="0.082" classname="org.wso2.carbon.registry.core.test.jdbc.JDBCRegistryTest"/>
  <testcase name="testUserDefinedResourceQuery" time="0.050" classname="org.wso2.carbon.registry.core.test.jdbc.JDBCRegistryTest"/>
  <testcase name="testFlatResourceHandling" time="0.022" classname="org.wso2.carbon.registry.core.test.jdbc.JDBCRegistryTest"/>
  <testcase name="testCombinedScenario" time="0.100" classname="org.wso2.carbon.registry.core.test.jdbc.JDBCRegistryTest"/>
  <testcase name="testResourceCollectionMix" time="0.041" classname="org.wso2.carbon.registry.core.test.jdbc.JDBCRegistryTest"/>
</testsuite>
