<?xml version="1.0" encoding="UTF-8"?>
<!-- Generated by org.testng.reporters.JUnitReportReporter -->
<testsuite hostname="eranda" name="org.wso2.carbon.registry.core.test.jdbc.PathsTest" tests="3" failures="0" timestamp="11 Mar 2014 05:33:35 GMT" time="0.111" errors="0">
  <testcase name="testColon" time="0.051" classname="org.wso2.carbon.registry.core.test.jdbc.PathsTest"/>
  <testcase name="testPutOnPaths" time="0.033" classname="org.wso2.carbon.registry.core.test.jdbc.PathsTest"/>
  <testcase name="testGetOnPaths" time="0.027" classname="org.wso2.carbon.registry.core.test.jdbc.PathsTest"/>
</testsuite>
