<?xml version="1.0" encoding="UTF-8"?>
<!-- Generated by org.testng.reporters.JUnitReportReporter -->
<testsuite hostname="eranda" name="org.wso2.carbon.registry.core.test.jdbc.DumpTest" tests="10" failures="0" timestamp="11 Mar 2014 06:15:56 GMT" time="1.503" errors="0">
  <testcase name="testNewRestore" time="0.196" classname="org.wso2.carbon.registry.core.test.jdbc.DumpTest"/>
  <testcase name="testCollectionDump" time="0.116" classname="org.wso2.carbon.registry.core.test.jdbc.DumpTest"/>
  <testcase name="testNewerVersionException" time="0.090" classname="org.wso2.carbon.registry.core.test.jdbc.DumpTest"/>
  <testcase name="testRootRestore" time="0.078" classname="org.wso2.carbon.registry.core.test.jdbc.DumpTest"/>
  <testcase name="testRootDump" time="0.715" classname="org.wso2.carbon.registry.core.test.jdbc.DumpTest"/>
  <testcase name="testResourceDump" time="0.022" classname="org.wso2.carbon.registry.core.test.jdbc.DumpTest"/>
  <testcase name="testDumpWithSymLink" time="0.229" classname="org.wso2.carbon.registry.core.test.jdbc.DumpTest"/>
  <testcase name="testRelativeAssociationPath" time="0.001" classname="org.wso2.carbon.registry.core.test.jdbc.DumpTest"/>
  <testcase name="testAbsoluteAssociationPath" time="0.003" classname="org.wso2.carbon.registry.core.test.jdbc.DumpTest"/>
  <testcase name="testSimpleNewRestore" time="0.053" classname="org.wso2.carbon.registry.core.test.jdbc.DumpTest"/>
</testsuite>
