<?xml version="1.0" encoding="UTF-8"?>
<!-- Generated by org.testng.reporters.JUnitReportReporter -->
<testsuite hostname="eranda" name="org.wso2.carbon.registry.core.test.jdbc.MoveTest" tests="7" failures="0" timestamp="11 Mar 2014 06:15:13 GMT" time="0.199" errors="0">
  <testcase name="testGeneralCacheCollectionMove" time="0.018" classname="org.wso2.carbon.registry.core.test.jdbc.MoveTest"/>
  <testcase name="testCollectionMoveWithChild" time="0.055" classname="org.wso2.carbon.registry.core.test.jdbc.MoveTest"/>
  <testcase name="testResourceMoveFromRoot" time="0.023" classname="org.wso2.carbon.registry.core.test.jdbc.MoveTest"/>
  <testcase name="testGeneralCollectionMove" time="0.042" classname="org.wso2.carbon.registry.core.test.jdbc.MoveTest"/>
  <testcase name="testGeneralResourceMove" time="0.031" classname="org.wso2.carbon.registry.core.test.jdbc.MoveTest"/>
  <testcase name="testResourceMoveToRoot" time="0.017" classname="org.wso2.carbon.registry.core.test.jdbc.MoveTest"/>
  <testcase name="testGeneralCacheResourceMove" time="0.013" classname="org.wso2.carbon.registry.core.test.jdbc.MoveTest"/>
</testsuite>
