<?xml version="1.0" encoding="UTF-8"?>
<!-- Generated by org.testng.reporters.JUnitReportReporter -->
<testsuite hostname="eranda" name="org.wso2.carbon.registry.core.test.jdbc.TransactionsTest" tests="6" failures="0" timestamp="11 Mar 2014 05:28:13 GMT" time="0.121" errors="0">
  <testcase name="testSuccessfulMultiOperationTransaction" time="0.023" classname="org.wso2.carbon.registry.core.test.jdbc.TransactionsTest"/>
  <testcase name="testFailedMultiOperationTransaction" time="0.031" classname="org.wso2.carbon.registry.core.test.jdbc.TransactionsTest"/>
  <testcase name="testSuccessfulSimpleTransaction" time="0.013" classname="org.wso2.carbon.registry.core.test.jdbc.TransactionsTest"/>
  <testcase name="testNestedFailedMultiOperationTransaction" time="0.017" classname="org.wso2.carbon.registry.core.test.jdbc.TransactionsTest"/>
  <testcase name="testNestedSuccessfulMultiOperationTransaction" time="0.017" classname="org.wso2.carbon.registry.core.test.jdbc.TransactionsTest"/>
  <testcase name="testFailedSimpleTransaction" time="0.020" classname="org.wso2.carbon.registry.core.test.jdbc.TransactionsTest"/>
</testsuite>
