<?xml version="1.0" encoding="UTF-8"?>
<!-- Generated by org.testng.reporters.JUnitReportReporter -->
<testsuite hostname="eranda" name="org.wso2.carbon.registry.core.test.jdbc.DumpReaderTest" tests="11" failures="0" timestamp="11 Mar 2014 05:28:00 GMT" time="0.274" errors="0">
  <testcase name="testDumpWriterWithNameLast" time="0.002" classname="org.wso2.carbon.registry.core.test.jdbc.DumpReaderTest"/>
  <testcase name="testDump9" time="0.002" classname="org.wso2.carbon.registry.core.test.jdbc.DumpReaderTest"/>
  <testcase name="testDumpWriterWithNameLastAndManyAttribute" time="0.001" classname="org.wso2.carbon.registry.core.test.jdbc.DumpReaderTest"/>
  <testcase name="testDump3" time="0.007" classname="org.wso2.carbon.registry.core.test.jdbc.DumpReaderTest"/>
  <testcase name="testDump1" time="0.090" classname="org.wso2.carbon.registry.core.test.jdbc.DumpReaderTest"/>
  <testcase name="testDump6" time="0.012" classname="org.wso2.carbon.registry.core.test.jdbc.DumpReaderTest"/>
  <testcase name="testDump5" time="0.006" classname="org.wso2.carbon.registry.core.test.jdbc.DumpReaderTest"/>
  <testcase name="testDumpWriter1" time="0.022" classname="org.wso2.carbon.registry.core.test.jdbc.DumpReaderTest"/>
  <testcase name="testDump2" time="0.006" classname="org.wso2.carbon.registry.core.test.jdbc.DumpReaderTest"/>
  <testcase name="testDump4" time="0.025" classname="org.wso2.carbon.registry.core.test.jdbc.DumpReaderTest"/>
  <testcase name="testDump7" time="0.101" classname="org.wso2.carbon.registry.core.test.jdbc.DumpReaderTest"/>
</testsuite>
