<?xml version="1.0" encoding="UTF-8"?>
<!-- Generated by org.testng.reporters.JUnitReportReporter -->
<testsuite hostname="eranda" name="org.wso2.carbon.registry.core.test.jdbc.RenameTest" tests="4" failures="0" timestamp="11 Mar 2014 06:09:33 GMT" time="0.144" errors="0">
  <testcase name="testRootLevelResourceRename" time="0.018" classname="org.wso2.carbon.registry.core.test.jdbc.RenameTest"/>
  <testcase name="testGeneralResourceRename" time="0.028" classname="org.wso2.carbon.registry.core.test.jdbc.RenameTest"/>
  <testcase name="testGeneralCollectionRename" time="0.063" classname="org.wso2.carbon.registry.core.test.jdbc.RenameTest"/>
  <testcase name="testRootLevelCollectionRename" time="0.035" classname="org.wso2.carbon.registry.core.test.jdbc.RenameTest"/>
</testsuite>
