<?xml version="1.0" encoding="UTF-8"?>
<!-- Generated by org.testng.reporters.JUnitReportReporter -->
<testsuite hostname="eranda" name="org.wso2.carbon.registry.core.test.jdbc.VersionHandlingTest" tests="10" failures="0" timestamp="11 Mar 2014 05:27:40 GMT" time="0.940" errors="0">
  <testcase name="testSimpleCollectionVersioning" time="0.078" classname="org.wso2.carbon.registry.core.test.jdbc.VersionHandlingTest"/>
  <testcase name="testSimpleCollectionRestore" time="0.100" classname="org.wso2.carbon.registry.core.test.jdbc.VersionHandlingTest"/>
  <testcase name="testCreateVersions" time="0.032" classname="org.wso2.carbon.registry.core.test.jdbc.VersionHandlingTest"/>
  <testcase name="testResourceContentVersioning" time="0.034" classname="org.wso2.carbon.registry.core.test.jdbc.VersionHandlingTest"/>
  <testcase name="testRootLevelVersioning" time="0.293" classname="org.wso2.carbon.registry.core.test.jdbc.VersionHandlingTest"/>
  <testcase name="testAdvancedCollectionRestore" time="0.212" classname="org.wso2.carbon.registry.core.test.jdbc.VersionHandlingTest"/>
  <testcase name="testResourcePropertyVersioning" time="0.036" classname="org.wso2.carbon.registry.core.test.jdbc.VersionHandlingTest"/>
  <testcase name="testResourceRestore" time="0.040" classname="org.wso2.carbon.registry.core.test.jdbc.VersionHandlingTest"/>
  <testcase name="testPermalinksForCollections" time="0.066" classname="org.wso2.carbon.registry.core.test.jdbc.VersionHandlingTest"/>
  <testcase name="testPermalinksForResources" time="0.049" classname="org.wso2.carbon.registry.core.test.jdbc.VersionHandlingTest"/>
</testsuite>
