<?xml version="1.0" encoding="UTF-8"?>
<!-- Generated by org.testng.reporters.JUnitReportReporter -->
<testsuite hostname="eranda" name="org.wso2.carbon.registry.core.test.jdbc.SymlinkTest" tests="17" failures="0" timestamp="11 Mar 2014 06:09:58 GMT" time="1.776" errors="0">
  <testcase name="testCopySourceFromSymlink" time="0.047" classname="org.wso2.carbon.registry.core.test.jdbc.SymlinkTest"/>
  <testcase name="testCopyTargetToSymLink" time="0.043" classname="org.wso2.carbon.registry.core.test.jdbc.SymlinkTest"/>
  <testcase name="testMoveSourceSymLinkRoot" time="0.073" classname="org.wso2.carbon.registry.core.test.jdbc.SymlinkTest"/>
  <testcase name="testCopyParentWithSymlink" time="0.325" classname="org.wso2.carbon.registry.core.test.jdbc.SymlinkTest"/>
  <testcase name="testMoveSourceFromSymlink" time="0.052" classname="org.wso2.carbon.registry.core.test.jdbc.SymlinkTest"/>
  <testcase name="testCopyBothSymLink" time="0.085" classname="org.wso2.carbon.registry.core.test.jdbc.SymlinkTest"/>
  <testcase name="testSymlinkOrder" time="0.040" classname="org.wso2.carbon.registry.core.test.jdbc.SymlinkTest"/>
  <testcase name="testRenameParentWithSymlink" time="0.193" classname="org.wso2.carbon.registry.core.test.jdbc.SymlinkTest"/>
  <testcase name="testSymlinkOrder2" time="0.049" classname="org.wso2.carbon.registry.core.test.jdbc.SymlinkTest"/>
  <testcase name="testTransitiveSymLinks" time="0.312" classname="org.wso2.carbon.registry.core.test.jdbc.SymlinkTest"/>
  <testcase name="testSymbolicLinks" time="0.040" classname="org.wso2.carbon.registry.core.test.jdbc.SymlinkTest"/>
  <testcase name="testMoveTargetToSymLink" time="0.039" classname="org.wso2.carbon.registry.core.test.jdbc.SymlinkTest"/>
  <testcase name="testMoveSourceSymLinkRootCollection" time="0.116" classname="org.wso2.carbon.registry.core.test.jdbc.SymlinkTest"/>
  <testcase name="testMoveParentWithSymlink" time="0.237" classname="org.wso2.carbon.registry.core.test.jdbc.SymlinkTest"/>
  <testcase name="testMoveBothSymLink" time="0.055" classname="org.wso2.carbon.registry.core.test.jdbc.SymlinkTest"/>
  <testcase name="testCopySourceSymLinkRoot" time="0.043" classname="org.wso2.carbon.registry.core.test.jdbc.SymlinkTest"/>
  <testcase name="testSymbolicLinksRoots" time="0.027" classname="org.wso2.carbon.registry.core.test.jdbc.SymlinkTest"/>
</testsuite>
