<?xml version="1.0" encoding="UTF-8"?>
<!-- Generated by org.testng.reporters.JUnitReportReporter -->
<testsuite hostname="eranda" name="org.wso2.carbon.registry.core.test.jdbc.PaginationTest" tests="1" failures="0" timestamp="11 Mar 2014 06:10:05 GMT" time="0.347" errors="0">
  <testcase name="testCollectionPagination" time="0.347" classname="org.wso2.carbon.registry.core.test.jdbc.PaginationTest"/>
</testsuite>
