<?xml version="1.0" encoding="UTF-8"?>
<!-- Generated by org.testng.reporters.JUnitReportReporter -->
<testsuite hostname="eranda" name="org.wso2.carbon.registry.core.test.jdbc.QueryTest" tests="4" failures="0" timestamp="11 Mar 2014 06:10:32 GMT" time="0.298" errors="0">
  <testcase name="testWithSpecialCharactersQuery" time="0.065" classname="org.wso2.carbon.registry.core.test.jdbc.QueryTest"/>
  <testcase name="testDefaultQuery" time="0.122" classname="org.wso2.carbon.registry.core.test.jdbc.QueryTest"/>
  <testcase name="testWithoutWhereQuery" time="0.065" classname="org.wso2.carbon.registry.core.test.jdbc.QueryTest"/>
  <testcase name="testWithoutTableParamsQuery" time="0.046" classname="org.wso2.carbon.registry.core.test.jdbc.QueryTest"/>
</testsuite>
