<?xml version="1.0" encoding="UTF-8"?>
<!-- Generated by org.testng.reporters.JUnitReportReporter -->
<testsuite hostname="eranda" name="org.wso2.carbon.registry.core.test.jdbc.CopyTest" tests="2" failures="0" timestamp="11 Mar 2014 05:27:50 GMT" time="0.126" errors="0">
  <testcase name="testCollectionCopy" time="0.091" classname="org.wso2.carbon.registry.core.test.jdbc.CopyTest"/>
  <testcase name="testResourceCopy" time="0.035" classname="org.wso2.carbon.registry.core.test.jdbc.CopyTest"/>
</testsuite>
