<?xml version="1.0" encoding="UTF-8" ?>
<testsuite failures="0" time="0.276" errors="0" skipped="0" tests="11" name="org.wso2.carbon.registry.core.test.jdbc.DumpReaderTest">
  <properties>
    <property name="java.runtime.name" value="Java(TM) SE Runtime Environment"/>
    <property name="sun.boot.library.path" value="/usr/lib/jvm/jdk1.7.0_45/jre/lib/amd64"/>
    <property name="java.vm.version" value="24.45-b08"/>
    <property name="java.vm.vendor" value="Oracle Corporation"/>
    <property name="java.vendor.url" value="http://java.oracle.com/"/>
    <property name="path.separator" value=":"/>
    <property name="guice.disable.misplaced.annotation.check" value="true"/>
    <property name="java.vm.name" value="Java HotSpot(TM) 64-Bit Server VM"/>
    <property name="file.encoding.pkg" value="sun.io"/>
    <property name="user.country" value="US"/>
    <property name="sun.java.launcher" value="SUN_STANDARD"/>
    <property name="sun.os.patch.level" value="unknown"/>
    <property name="java.vm.specification.name" value="Java Virtual Machine Specification"/>
    <property name="user.dir" value="/home/eranda/Desktop/C5-Repository/Repository/repository"/>
    <property name="java.runtime.version" value="1.7.0_45-b18"/>
    <property name="java.awt.graphicsenv" value="sun.awt.X11GraphicsEnvironment"/>
    <property name="java.endorsed.dirs" value="/usr/lib/jvm/jdk1.7.0_45/jre/lib/endorsed"/>
    <property name="os.arch" value="amd64"/>
    <property name="java.io.tmpdir" value="/tmp"/>
    <property name="line.separator" value="
"/>
    <property name="java.vm.specification.vendor" value="Oracle Corporation"/>
    <property name="os.name" value="Linux"/>
    <property name="classworlds.conf" value="/home/eranda/software/apache-maven-3.0.5/bin/m2.conf"/>
    <property name="sun.jnu.encoding" value="UTF-8"/>
    <property name="java.library.path" value="/usr/java/packages/lib/amd64:/usr/lib64:/lib64:/lib:/usr/lib"/>
    <property name="java.specification.name" value="Java Platform API Specification"/>
    <property name="java.class.version" value="51.0"/>
    <property name="sun.management.compiler" value="HotSpot 64-Bit Tiered Compilers"/>
    <property name="os.version" value="3.8.0-19-generic"/>
    <property name="user.home" value="/home/eranda"/>
    <property name="user.timezone" value="Asia/Colombo"/>
    <property name="java.awt.printerjob" value="sun.print.PSPrinterJob"/>
    <property name="file.encoding" value="UTF-8"/>
    <property name="java.specification.version" value="1.7"/>
    <property name="user.name" value="eranda"/>
    <property name="java.class.path" value="/home/eranda/software/apache-maven-3.0.5/boot/plexus-classworlds-2.4.jar"/>
    <property name="java.vm.specification.version" value="1.7"/>
    <property name="sun.arch.data.model" value="64"/>
    <property name="java.home" value="/usr/lib/jvm/jdk1.7.0_45/jre"/>
    <property name="sun.java.command" value="org.codehaus.plexus.classworlds.launcher.Launcher clean install"/>
    <property name="java.specification.vendor" value="Oracle Corporation"/>
    <property name="user.language" value="en"/>
    <property name="awt.toolkit" value="sun.awt.X11.XToolkit"/>
    <property name="java.vm.info" value="mixed mode"/>
    <property name="java.version" value="1.7.0_45"/>
    <property name="java.ext.dirs" value="/usr/lib/jvm/jdk1.7.0_45/jre/lib/ext:/usr/java/packages/lib/ext"/>
    <property name="securerandom.source" value="file:/dev/./urandom"/>
    <property name="sun.boot.class.path" value="/usr/lib/jvm/jdk1.7.0_45/jre/lib/resources.jar:/usr/lib/jvm/jdk1.7.0_45/jre/lib/rt.jar:/usr/lib/jvm/jdk1.7.0_45/jre/lib/sunrsasign.jar:/usr/lib/jvm/jdk1.7.0_45/jre/lib/jsse.jar:/usr/lib/jvm/jdk1.7.0_45/jre/lib/jce.jar:/usr/lib/jvm/jdk1.7.0_45/jre/lib/charsets.jar:/usr/lib/jvm/jdk1.7.0_45/jre/lib/jfr.jar:/usr/lib/jvm/jdk1.7.0_45/jre/classes"/>
    <property name="java.vendor" value="Oracle Corporation"/>
    <property name="maven.home" value="/home/eranda/software/apache-maven-3.0.5"/>
    <property name="file.separator" value="/"/>
    <property name="java.vendor.url.bug" value="http://bugreport.sun.com/bugreport/"/>
    <property name="sun.cpu.endian" value="little"/>
    <property name="sun.io.unicode.encoding" value="UnicodeLittle"/>
    <property name="sun.desktop" value="gnome"/>
    <property name="sun.cpu.isalist" value=""/>
  </properties>
  <testcase time="0.093" classname="org.wso2.carbon.registry.core.test.jdbc.DumpReaderTest" name="testDump1"/>
  <testcase time="0.005" classname="org.wso2.carbon.registry.core.test.jdbc.DumpReaderTest" name="testDump2"/>
  <testcase time="0.006" classname="org.wso2.carbon.registry.core.test.jdbc.DumpReaderTest" name="testDump3"/>
  <testcase time="0.025" classname="org.wso2.carbon.registry.core.test.jdbc.DumpReaderTest" name="testDump4"/>
  <testcase time="0.006" classname="org.wso2.carbon.registry.core.test.jdbc.DumpReaderTest" name="testDump5"/>
  <testcase time="0.011" classname="org.wso2.carbon.registry.core.test.jdbc.DumpReaderTest" name="testDump6"/>
  <testcase time="0.101" classname="org.wso2.carbon.registry.core.test.jdbc.DumpReaderTest" name="testDump7"/>
  <testcase time="0.003" classname="org.wso2.carbon.registry.core.test.jdbc.DumpReaderTest" name="testDump9"/>
  <testcase time="0.023" classname="org.wso2.carbon.registry.core.test.jdbc.DumpReaderTest" name="testDumpWriter1"/>
  <testcase time="0.002" classname="org.wso2.carbon.registry.core.test.jdbc.DumpReaderTest" name="testDumpWriterWithNameLast"/>
  <testcase time="0.001" classname="org.wso2.carbon.registry.core.test.jdbc.DumpReaderTest" name="testDumpWriterWithNameLastAndManyAttribute"/>
</testsuite>